VALVEPLATFORMMUTEX=f:/program files (x86)/steam/steam.exe
STEAMUSER=tatal0509
USER=tatal
WINDOWS_MAJOR=10
SDL_JOYSTICK_HIDAPI_STEAMXBOX=0
STEAMID=76561198009246441
ALLUSERSPROFILE=C:/ProgramData
ENABLE_VK_LAYER_VALVE_STEAM_OVERLAY_1=1
USERDOMAIN=LUWANG
MESA_SHADER_CACHE_DIR=F:/Program Files (x86)/Steam/steamapps/shadercache/1281930
BB_GLOBBING=0
SHLVL=1
DOTNET_ROLL_FORWARD=Disable
STEAMVIDEOTOKEN=7084
32f5h290g53047gv5034nbvt923b

APPDATA=C:/Users/tatal/AppData/Roaming
LOGNAME=tatal
dotnet_version=8.0.0
MESA_DISK_CACHE_SINGLE_FILE=1
TMP=C:/Users/tatal/AppData/Local/Temp
NUMBER_OF_PROCESSORS=8
PROCESSOR_ARCHITECTURE=AMD64
__GL_SHADER_DISK_CACHE_SKIP_CLEANUP=1
STEAM_COMPAT_MEDIA_PATH=F:/Program Files (x86)/Steam/steamapps/shadercache/1281930/fozmediav1
BREAKPAD_DUMP_LOCATION=F:/Program Files (x86)/Steam/dumps
HOMEPATH=/Users/tatal
AMD_VK_USE_PIPELINE_CACHE=1
ENABLE_VK_LAYER_VALVE_STEAM_FOSSILIZE_1=1
CHOCOLATEYINSTALL=C:/ProgramData/chocolatey
PROCESSOR_REVISION=2a07
PROCESSOR_LEVEL=6
__GL_SHADER_DISK_CACHE_APP_NAME=steamapp_shader_cache
PROGRAMFILES=C:/Program Files
MESA_GLSL_CACHE_DIR=F:/Program Files (x86)/Steam/steamapps/shadercache/1281930
STEAMPATH=F:/Program Files (x86)/Steam
PWD=F:/Program Files (x86)/Steam/steamapps/common/tModLoader
STEAMOVERLAYGAMEID=1281930
LOGONSERVER=//LUWANG
SYSTEMROOT=C:\WINDOWS
FOSSILIZE_APPLICATION_INFO_FILTER_PATH=F:/Program Files (x86)/fossilize_engine_filters.json
STEAMSTREAMINGENCODERCONFIG=
__GL_SHADER_DISK_CACHE_PATH=F:/Program Files (x86)/Steam/steamapps/shadercache/1281930/nvidiav1
SESSIONNAME=Console
PROCESSOR_IDENTIFIER=Intel64 Family 6 Model 42 Stepping 7, GenuineIntel
FPS_BROWSER_USER_PROFILE_STRING=Default
PATHEXT=.COM;.EXE;.BAT;.CMD;.VBS;.VBE;.JS;.JSE;.WSF;.WSH;.MSC;.PY;.PYW
USERDOMAIN_ROAMINGPROFILE=LUWANG
EFC_4420=1
ENABLECONFIGURATORSUPPORT=0
FPS_BROWSER_APP_PROFILE_STRING=Internet Explorer
OLDPWD=F:/Program Files (x86)/Steam/steamapps/common/tModLoader/LaunchUtils
INSTALLDIR=F:/Program Files (x86)/Steam/steamapps/common/Steamworks Shared
LOCAL_APPDATA=C:/Users/tatal/AppData/Local
STEAM_FOSSILIZE_DUMP_PATH_READ_ONLY=$bucketdir/steam_pipeline_cache.foz;$bucketdir/steamapp_pipeline_cache.foz
DRIVERDATA=C:/Windows/System32/Drivers/DriverData
COMMONPROGRAMFILES=C:/Program Files/Common Files
COMSPEC=C:\WINDOWS\system32\cmd.exe
STEAM_COMPAT_TRANSCODED_MEDIA_PATH=F:/Program Files (x86)/Steam/steamapps/shadercache/1281930
PROGRAMFILES_X86_=C:/Program Files (x86)
SDL_GAMECONTROLLER_ALLOW_STEAM_VIRTUAL_GAMEPAD=1
STEAMCLIENTLAUNCH=1
FNA_WORKAROUND_WINDOW_RESIZABLE=1
SDL_GAMECONTROLLER_IGNORE_DEVICES=0x28de/0x1002,0x28de/0x1003,0x28de/0x1071,0x28de/0x1052,0x28de/0x1042,0x28de/0x1203,0x28de/0x1204,0x28de/0x1205,0x28de/0x1206,0x28de/0x1300,0x28de/0x1301,0x28de/0x1302,0x28de/0x1303,0x28de/0x1304,0x28de/0x1305,0x0000/0x11fb,0x28de/0x1101,0x28de/0x1102,0x28de/0x1105,0x28de/0x1106,0x28de/0x1142,0x28de/0x1201,0x28de/0x1202,0x28de/0x1205,0x28de/0x1302,0x28de/0x1303,0x28de/0x1304,
HOME=C:/Users/tatal
USERNAME=tatal
COMMONPROGRAMW6432=C:/Program Files/Common Files
AMD_VK_PIPELINE_CACHE_FILENAME=steamapp_shader_cache
PUBLIC=C:/Users/Public
PROMPT=$P$G
WINDIR=C:\WINDOWS
COMMON_MYDOCS=C:/Users/Public/Documents
AMD_VK_PIPELINE_CACHE_PATH=F:/Program Files (x86)/Steam/steamapps/shadercache/1281930/AMDv1
CHOCOLATEYLASTPATHUPDATE=133900110360940688
LOCALAPPDATA=C:/Users/tatal/AppData/Local
SHELL=/bin/sh
SYSTEMDRIVE=C:
__GL_SHADER_DISK_CACHE_READ_ONLY_APP_NAME=steam_shader_cache;steamapp_merged_shader_cache
STEAMGAMEID=1281930
ROOTDRIVE=F
STEAMENV=1
PSMODULEPATH=C:/Program Files/WindowsPowerShell/Modules;C:/WINDOWS/system32/WindowsPowerShell/v1.0/Modules
DXVK_STATE_CACHE_PATH=F:/Program Files (x86)/Steam/steamapps/shadercache/1281930/DXVK_state_cache
USERPROFILE=C:/Users/tatal
PROGRAMDATA=C:/ProgramData
HOMEDRIVE=C:
STEAMAPPID=1281930
WINDOWS_MINOR=0
MESA_GLSL_CACHE_MAX_SIZE=5G
PROGRAMW6432=C:/Program Files
MESA_SHADER_CACHE_MAX_SIZE=5G
PATH=F:/Program Files (x86)/Steam/steamapps/common/tModLoader/Libraries/Native/Windows;F:/Program Files (x86)/Steam;C:/Python313/Scripts/;C:/Python313/;c:/Programas/cursor/resources/app/bin;C:/Program Files (x86)/Microsoft/Edge/Application;C:/WINDOWS/system32;C:/WINDOWS;C:/WINDOWS/System32/Wbem;C:/WINDOWS/System32/WindowsPowerShell/v1.0/;C:/WINDOWS/System32/OpenSSH/;C:/Users/tatal/AppData/Local/Microsoft/WindowsApps;c:/Programas/cursor/resources/app/bin;c:/Programas/cursor/resources/app/bin;C:/ProgramData/chocolatey/bin;C:/Program Files/nodejs/;C:/Program Files (x86)/Yarn/bin/;C:/Program Files/Microsoft VS Code/bin;C:/Program Files/CMake/bin;C:/Program Files/Git/cmd;C:/Program Files/dotnet/;C:/Program Files/Docker/Docker/resources/bin;C:/Users/tatal/.cargo/bin;C:/Users/tatal/AppData/Local/Microsoft/WindowsApps;C:/Programas/cursor/resources/app/bin;C:/Users/tatal/AppData/Roaming/npm;C:/Users/tatal/AppData/Local/Yarn/bin;D:/Programas/msys64/mingw64/bin;C:/Users/tatal/.dotnet;C:/Users/tatal/.dotnet/tools;C:/php/;
STEAMAPPUSER=tatal0509
MESA_DISK_CACHE_READ_ONLY_FOZ_DBS=steam_cache,steam_precompiled
OS=Windows_NT
dotnet_dir=F:/Program Files (x86)/Steam/steamapps/common/tModLoader/dotnet
COMMONPROGRAMFILES(X86)=C:/Program Files (x86)/Common Files
STEAM_FOSSILIZE_DUMP_PATH=F:/Program Files (x86)/Steam/steamapps/shadercache/1281930/fozpipelinesv6/steamapprun_pipeline_cache
STEAMVIRTUALGAMEPADINFO=F:/Program Files (x86)/Steam/config/virtualgamepadinfo.txt
TEMP=C:/Users/tatal/AppData/Local/Temp
COMPUTERNAME=LUWANG
COMMONPROGRAMFILES_X86_=C:/Program Files (x86)/Common Files
USER_MYDOCS=C:/Users/tatal/Documents
PROGRAMFILES(X86)=C:/Program Files (x86)
